{"/Users/stivendiaz/Documents/borrar/graphTesting/src/graphql/resolvers/userResolver.ts": {"path":"/Users/stivendiaz/Documents/borrar/graphTesting/src/graphql/resolvers/userResolver.ts","statementMap":{"0":{"start":{"line":1,"column":0},"end":{"line":1,"column":55}},"1":{"start":{"line":2,"column":0},"end":{"line":2,"column":33}},"2":{"start":{"line":4,"column":0},"end":{"line":4,"column":51}},"3":{"start":{"line":6,"column":0},"end":{"line":6,"column":16}},"4":{"start":{"line":11,"column":21},"end":{"line":65,"column":2}},"5":{"start":{"line":20,"column":24},"end":{"line":20,"column":48}},"6":{"start":{"line":21,"column":6},"end":{"line":21,"column":23}},"7":{"start":{"line":33,"column":19},"end":{"line":37,"column":8}},"8":{"start":{"line":38,"column":6},"end":{"line":42,"column":null}},"9":{"start":{"line":39,"column":8},"end":{"line":39,"column":27}},"10":{"start":{"line":41,"column":8},"end":{"line":41,"column":27}},"11":{"start":{"line":50,"column":6},"end":{"line":62,"column":null}},"12":{"start":{"line":51,"column":21},"end":{"line":51,"column":59}},"13":{"start":{"line":52,"column":8},"end":{"line":52,"column":26}},"14":{"start":{"line":53,"column":8},"end":{"line":58,"column":null}},"15":{"start":{"line":54,"column":10},"end":{"line":54,"column":51}},"16":{"start":{"line":55,"column":10},"end":{"line":55,"column":22}},"17":{"start":{"line":57,"column":10},"end":{"line":57,"column":60}},"18":{"start":{"line":60,"column":8},"end":{"line":60,"column":27}},"19":{"start":{"line":61,"column":8},"end":{"line":61,"column":21}},"20":{"start":{"line":67,"column":0},"end":{"line":67,"column":28}}},"fnMap":{"0":{"name":"(anonymous_13)","decl":{"start":{"line":19,"column":10},"end":{"line":19,"column":16}},"loc":{"start":{"line":19,"column":16},"end":{"line":22,"column":null}}},"1":{"name":"(anonymous_15)","decl":{"start":{"line":32,"column":10},"end":{"line":32,"column":16}},"loc":{"start":{"line":32,"column":92},"end":{"line":43,"column":null}}},"2":{"name":"(anonymous_17)","decl":{"start":{"line":49,"column":10},"end":{"line":49,"column":24}},"loc":{"start":{"line":49,"column":58},"end":{"line":63,"column":null}}}},"branchMap":{"0":{"loc":{"start":{"line":53,"column":8},"end":{"line":58,"column":null}},"type":"if","locations":[{"start":{"line":53,"column":8},"end":{"line":58,"column":null}},{"start":{"line":53,"column":8},"end":{"line":58,"column":null}}]}},"s":{"0":1,"1":1,"2":1,"3":1,"4":1,"5":1,"6":1,"7":1,"8":1,"9":1,"10":0,"11":2,"12":2,"13":1,"14":1,"15":1,"16":1,"17":0,"18":1,"19":1,"20":1},"f":{"0":1,"1":1,"2":2},"b":{"0":[1,0]}}
,"/Users/stivendiaz/Documents/borrar/graphTesting/src/models/userModel.ts": {"path":"/Users/stivendiaz/Documents/borrar/graphTesting/src/models/userModel.ts","statementMap":{"0":{"start":{"line":1,"column":0},"end":{"line":1,"column":32}},"1":{"start":{"line":15,"column":19},"end":{"line":29,"column":2}},"2":{"start":{"line":31,"column":13},"end":{"line":31,"column":67}}},"fnMap":{},"branchMap":{},"s":{"0":1,"1":1,"2":1},"f":{},"b":{}}
,"/Users/stivendiaz/Documents/borrar/graphTesting/src/scripts/fillDatabase.ts": {"path":"/Users/stivendiaz/Documents/borrar/graphTesting/src/scripts/fillDatabase.ts","statementMap":{"0":{"start":{"line":1,"column":0},"end":{"line":1,"column":26}},"1":{"start":{"line":2,"column":0},"end":{"line":2,"column":48}},"2":{"start":{"line":4,"column":22},"end":{"line":16,"column":2}},"3":{"start":{"line":4,"column":44},"end":{"line":16,"column":2}},"4":{"start":{"line":5,"column":17},"end":{"line":5,"column":19}},"5":{"start":{"line":6,"column":2},"end":{"line":14,"column":null}},"6":{"start":{"line":6,"column":15},"end":{"line":6,"column":16}},"7":{"start":{"line":7,"column":17},"end":{"line":11,"column":6}},"8":{"start":{"line":12,"column":4},"end":{"line":12,"column":22}},"9":{"start":{"line":13,"column":4},"end":{"line":13,"column":22}},"10":{"start":{"line":15,"column":2},"end":{"line":15,"column":16}},"11":{"start":{"line":4,"column":13},"end":{"line":4,"column":22}},"12":{"start":{"line":18,"column":35},"end":{"line":23,"column":null}},"13":{"start":{"line":18,"column":46},"end":{"line":23,"column":null}},"14":{"start":{"line":19,"column":16},"end":{"line":19,"column":38}},"15":{"start":{"line":20,"column":2},"end":{"line":22,"column":null}},"16":{"start":{"line":21,"column":4},"end":{"line":21,"column":14}},"17":{"start":{"line":18,"column":13},"end":{"line":18,"column":35}}},"fnMap":{"0":{"name":"(anonymous_8)","decl":{"start":{"line":4,"column":22},"end":{"line":4,"column":29}},"loc":{"start":{"line":4,"column":44},"end":{"line":16,"column":2}}},"1":{"name":"(anonymous_9)","decl":{"start":{"line":4,"column":44},"end":{"line":4,"column":null}},"loc":{"start":{"line":4,"column":44},"end":{"line":16,"column":1}}},"2":{"name":"(anonymous_10)","decl":{"start":{"line":18,"column":35},"end":{"line":18,"column":44}},"loc":{"start":{"line":18,"column":46},"end":{"line":23,"column":null}}},"3":{"name":"(anonymous_11)","decl":{"start":{"line":18,"column":46},"end":{"line":18,"column":null}},"loc":{"start":{"line":18,"column":46},"end":{"line":23,"column":1}}}},"branchMap":{"0":{"loc":{"start":{"line":20,"column":2},"end":{"line":22,"column":null}},"type":"if","locations":[{"start":{"line":20,"column":2},"end":{"line":22,"column":null}},{"start":{"line":20,"column":2},"end":{"line":22,"column":null}}]}},"s":{"0":1,"1":1,"2":1,"3":1,"4":1,"5":1,"6":1,"7":1,"8":1,"9":1,"10":1,"11":1,"12":1,"13":0,"14":0,"15":0,"16":0,"17":1},"f":{"0":1,"1":1,"2":0,"3":0},"b":{"0":[0,0]}}
}
