TN:
SF:src/graphql/resolvers/userResolver.ts
FN:19,(anonymous_13)
FN:32,(anonymous_15)
FN:49,(anonymous_17)
FNF:3
FNH:3
FNDA:1,(anonymous_13)
FNDA:1,(anonymous_15)
FNDA:2,(anonymous_17)
DA:1,1
DA:2,1
DA:4,1
DA:6,1
DA:11,1
DA:20,1
DA:21,1
DA:33,1
DA:38,1
DA:39,1
DA:41,0
DA:50,2
DA:51,2
DA:52,1
DA:53,1
DA:54,1
DA:55,1
DA:57,0
DA:60,1
DA:61,1
DA:67,1
LF:21
LH:19
BRDA:53,0,0,1
BRDA:53,0,1,0
BRF:2
BRH:1
end_of_record
TN:
SF:src/models/userModel.ts
FNF:0
FNH:0
DA:1,1
DA:15,1
DA:31,1
LF:3
LH:3
BRF:0
BRH:0
end_of_record
TN:
SF:src/scripts/fillDatabase.ts
FN:4,(anonymous_8)
FN:4,(anonymous_9)
FN:18,(anonymous_10)
FN:18,(anonymous_11)
FNF:4
FNH:2
FNDA:1,(anonymous_8)
FNDA:1,(anonymous_9)
FNDA:0,(anonymous_10)
FNDA:0,(anonymous_11)
DA:1,1
DA:2,1
DA:4,1
DA:5,1
DA:6,1
DA:7,1
DA:12,1
DA:13,1
DA:15,1
DA:18,1
DA:19,0
DA:20,0
DA:21,0
LF:13
LH:10
BRDA:20,0,0,0
BRDA:20,0,1,0
BRF:2
BRH:0
end_of_record
